C51 COMPILER V9.60.0.0   IIC                                                               04/07/2023 21:52:47 PAGE 1   


C51 COMPILER V9.60.0.0, COMPILATION OF MODULE IIC
OBJECT MODULE PLACED IN .\Objects\iic.obj
COMPILER INVOKED BY: C:\Keil_v5\C51\BIN\C51.EXE iic.c OPTIMIZE(8,SPEED) BROWSE DEBUG OBJECTEXTEND PRINT(.\Listings\iic.l
                    -st) TABS(2) OBJECT(.\Objects\iic.obj)

line level    source

   1          #include "stc15f2k60s2.h"
   2          #include "intrins.h"
   3          #include "iic.h"
   4          #define DELAY_TIME  5
   5          sbit scl = P2^0;
   6          sbit sda = P2^1;
   7          
   8          //
   9          static void I2C_Delay(unsigned char n)
  10          {
  11   1          do
  12   1          {
  13   2              _nop_();_nop_();_nop_();_nop_();_nop_();
  14   2              _nop_();_nop_();_nop_();_nop_();_nop_();
  15   2              _nop_();_nop_();_nop_();_nop_();_nop_();    
  16   2          }
  17   1          while(n--);       
  18   1      }
  19          
  20          //
  21          void I2CStart(void)
  22          {
  23   1          sda = 1;
  24   1          scl = 1;
  25   1        I2C_Delay(DELAY_TIME);
  26   1          sda = 0;
  27   1        I2C_Delay(DELAY_TIME);
  28   1          scl = 0;    
  29   1      }
  30          
  31          //
  32          void I2CStop(void)
  33          {
  34   1          sda = 0;
  35   1          scl = 1;
  36   1        I2C_Delay(DELAY_TIME);
  37   1          sda = 1;
  38   1        I2C_Delay(DELAY_TIME);
  39   1      }
  40          
  41          //
  42          void I2CSendByte(unsigned char byt)
  43          {
  44   1          unsigned char i;
  45   1        
  46   1          for(i=0; i<8; i++){
  47   2              scl = 0;
  48   2          I2C_Delay(DELAY_TIME);
  49   2              if(byt & 0x80){
  50   3                  sda = 1;
  51   3              }
  52   2              else{
  53   3                  sda = 0;
  54   3              }
C51 COMPILER V9.60.0.0   IIC                                                               04/07/2023 21:52:47 PAGE 2   

  55   2          I2C_Delay(DELAY_TIME);
  56   2              scl = 1;
  57   2              byt <<= 1;
  58   2          I2C_Delay(DELAY_TIME);
  59   2          }
  60   1        
  61   1          scl = 0;  
  62   1      }
  63          
  64          //
  65          unsigned char I2CReceiveByte(void)
  66          {
  67   1        unsigned char da;
  68   1        unsigned char i;
  69   1        for(i=0;i<8;i++){   
  70   2          scl = 1;
  71   2          I2C_Delay(DELAY_TIME);
  72   2          da <<= 1;
  73   2          if(sda) 
  74   2            da |= 0x01;
  75   2          scl = 0;
  76   2          I2C_Delay(DELAY_TIME);
  77   2        }
  78   1        return da;    
  79   1      }
  80          
  81          //
  82          unsigned char I2CWaitAck(void)
  83          {
  84   1        unsigned char ackbit;
  85   1        
  86   1          scl = 1;
  87   1        I2C_Delay(DELAY_TIME);
  88   1          ackbit = sda; 
  89   1          scl = 0;
  90   1        I2C_Delay(DELAY_TIME);
  91   1        
  92   1        return ackbit;
  93   1      }
  94          
  95          //
  96          void I2CSendAck(unsigned char ackbit)
  97          {
  98   1          scl = 0;
  99   1          sda = ackbit; 
 100   1        I2C_Delay(DELAY_TIME);
 101   1          scl = 1;
 102   1        I2C_Delay(DELAY_TIME);
 103   1          scl = 0; 
 104   1        sda = 1;
 105   1        I2C_Delay(DELAY_TIME);
 106   1      }
 107          
 108          unsigned char AD_Read(unsigned char addr)
 109          {
 110   1        unsigned char temp = 0x00;
 111   1        I2CStart();
 112   1        I2CSendByte(0x90);
 113   1        I2CWaitAck();
 114   1        I2CSendByte(addr);
 115   1        I2CWaitAck();
 116   1        
C51 COMPILER V9.60.0.0   IIC                                                               04/07/2023 21:52:47 PAGE 3   

 117   1        I2CStart();
 118   1        I2CSendByte(0x91);
 119   1        I2CWaitAck();
 120   1        temp = I2CReceiveByte();
 121   1        I2CSendAck(1);
 122   1        I2CStop();
 123   1        return temp;
 124   1      }
 125          
 126          void DA_Write(unsigned char dat)
 127          {
 128   1        I2CStart();
 129   1        I2CSendByte(0x90);
 130   1        I2CWaitAck();
 131   1        I2CSendByte(0x43);
 132   1        I2CWaitAck();
 133   1        I2CSendByte(dat);
 134   1        I2CWaitAck();
 135   1        I2CStop();
 136   1      }
 137          
 138          void EEPROM_Read(unsigned char*EEPROM_String,unsigned char addr,unsigned char num)
 139          {
 140   1        I2CStart();
 141   1        I2CSendByte(0xA0);
 142   1        I2CWaitAck();
 143   1        I2CSendByte(addr);
 144   1        I2CWaitAck();
 145   1        
 146   1        I2CStart();
 147   1        I2CSendByte(0xA1);
 148   1        I2CWaitAck();
 149   1        while(num--)
 150   1        {
 151   2          *EEPROM_String++ = I2CReceiveByte();
 152   2          if(num)I2CSendAck(0);
 153   2          else I2CSendAck(1);
 154   2        }
 155   1        I2CStop();
 156   1      }
 157          
 158          
 159          void EEPROM_Write(unsigned char*EEPROM_String,unsigned char addr,unsigned char num)
 160          {
 161   1        I2CStart();
 162   1        I2CSendByte(0xA0);
 163   1        I2CWaitAck();
 164   1        I2CSendByte(addr);
 165   1        I2CWaitAck();
 166   1        while(num--)
 167   1        {
 168   2          I2CSendByte(*EEPROM_String++);
 169   2          I2CWaitAck();
 170   2          I2C_Delay(200);
 171   2        }
 172   1        I2CStop();
 173   1      }


MODULE INFORMATION:   STATIC OVERLAYABLE
   CODE SIZE        =    380    ----
   CONSTANT SIZE    =   ----    ----
C51 COMPILER V9.60.0.0   IIC                                                               04/07/2023 21:52:47 PAGE 4   

   XDATA SIZE       =   ----    ----
   PDATA SIZE       =   ----    ----
   DATA SIZE        =   ----      10
   IDATA SIZE       =   ----    ----
   BIT SIZE         =   ----    ----
END OF MODULE INFORMATION.


C51 COMPILATION COMPLETE.  0 WARNING(S),  0 ERROR(S)
