C51 COMPILER V9.60.0.0   ONEWIRE                                                           04/07/2023 21:28:50 PAGE 1   


C51 COMPILER V9.60.0.0, COMPILATION OF MODULE ONEWIRE
OBJECT MODULE PLACED IN .\Objects\onewire.obj
COMPILER INVOKED BY: C:\Keil_v5\C51\BIN\C51.EXE onewire.c OPTIMIZE(8,SPEED) BROWSE DEBUG OBJECTEXTEND PRINT(.\Listings\o
                    -newire.lst) TABS(2) OBJECT(.\Objects\onewire.obj)

line level    source

   1          #include "stc15f2k60s2.h"
   2          #include "onewire.h"
   3          
   4          sbit DQ = P1^4;
   5          
   6          //
   7          void Delay_OneWire(unsigned int t)  
   8          {
   9   1        unsigned char i;
  10   1        while(t--){
  11   2          for(i=0;i<12;i++);
  12   2        }
  13   1      }
  14          
  15          //
  16          void Write_DS18B20(unsigned char dat)
  17          {
  18   1        unsigned char i;
  19   1        for(i=0;i<8;i++)
  20   1        {
  21   2          DQ = 0;
  22   2          DQ = dat&0x01;
  23   2          Delay_OneWire(5);
  24   2          DQ = 1;
  25   2          dat >>= 1;
  26   2        }
  27   1        Delay_OneWire(5);
  28   1      }
  29          
  30          //
  31          unsigned char Read_DS18B20(void)
  32          {
  33   1        unsigned char i;
  34   1        unsigned char dat;
  35   1        
  36   1        for(i=0;i<8;i++)
  37   1        {
  38   2          DQ = 0;
  39   2          dat >>= 1;
  40   2          DQ = 1;
  41   2          if(DQ)
  42   2          {
  43   3            dat |= 0x80;
  44   3          }     
  45   2          Delay_OneWire(5);
  46   2        }
  47   1        return dat;
  48   1      }
  49          
  50          //
  51          bit init_ds18b20(void)
  52          {
  53   1          bit initflag = 0;
  54   1          
C51 COMPILER V9.60.0.0   ONEWIRE                                                           04/07/2023 21:28:50 PAGE 2   

  55   1          DQ = 1;
  56   1          Delay_OneWire(12);
  57   1          DQ = 0;
  58   1          Delay_OneWire(80);
  59   1          DQ = 1;
  60   1          Delay_OneWire(10); 
  61   1          initflag = DQ;     
  62   1          Delay_OneWire(5);
  63   1        
  64   1          return initflag;
  65   1      }
  66          
  67          float Read_temper()
  68          {
  69   1        unsigned char MSB = 0x00,LSB = 0x00;
  70   1        init_ds18b20();
  71   1        Write_DS18B20(0xcc);
  72   1        Write_DS18B20(0x44);
  73   1        
  74   1        init_ds18b20();
  75   1        Write_DS18B20(0xcc);
  76   1        Write_DS18B20(0xbe);
  77   1      
  78   1        LSB = Read_DS18B20();
  79   1        MSB = Read_DS18B20();
  80   1        return (MSB << 8 | LSB) / 16.0;
  81   1      
  82   1      }


MODULE INFORMATION:   STATIC OVERLAYABLE
   CODE SIZE        =    198    ----
   CONSTANT SIZE    =   ----    ----
   XDATA SIZE       =   ----    ----
   PDATA SIZE       =   ----    ----
   DATA SIZE        =   ----    ----
   IDATA SIZE       =   ----    ----
   BIT SIZE         =   ----       1
END OF MODULE INFORMATION.


C51 COMPILATION COMPLETE.  0 WARNING(S),  0 ERROR(S)
