C51 COMPILER V9.60.0.0   T2                                                                01/05/2023 18:11:44 PAGE 1   


C51 COMPILER V9.60.0.0, COMPILATION OF MODULE T2
OBJECT MODULE PLACED IN .\Objects\t2.obj
COMPILER INVOKED BY: C:\Keil_v5\C51\BIN\C51.EXE t2.c OPTIMIZE(8,SPEED) BROWSE DEBUG OBJECTEXTEND PRINT(.\Listings\t2.lst
                    -) TABS(2) OBJECT(.\Objects\t2.obj)

line level    source

   1          #include<stc15.h>
   2          #include<intrins.h>
   3          
   4          void clsbuzz();
   5          void led1();
   6          void led2();
   7          void relay();
   8          void buzz();
   9          void delay();
  10          
  11          void main()
  12          {
  13   1        clsbuzz();
  14   1        while(1)
  15   1        {
  16   2          led1();
  17   2          relay();
  18   2          led2();
  19   2          buzz();
  20   2        }
  21   1      }
  22          
  23          void clsbuzz()
  24          {
  25   1        P2 = (P2 & 0x1f) | 0xaf;
  26   1        P0 = 0x00;
  27   1        P2 &= 0x1f;
  28   1      }
  29          void led1()
  30          {
  31   1        int i;
  32   1        P2 = (P2 & 0x1f) | 0x8f;
  33   1        for(i = 0; i < 3; i++)
  34   1        {
  35   2          P0 = 0x00;
  36   2          delay();
  37   2          P0 = 0xff;
  38   2          delay();
  39   2        }
  40   1        P2 &= 0x1f;
  41   1      }
  42          void relay()
  43          {
  44   1        P2 = (P2 & 0x1f) | 0xaf;
  45   1        P0 = 0x10;
  46   1        delay();
  47   1        delay();
  48   1        delay();
  49   1        delay();
  50   1        P0 = 0x00;
  51   1        P2 &= 0x1f;
  52   1      }
  53          void led2()
  54          {
C51 COMPILER V9.60.0.0   T2                                                                01/05/2023 18:11:44 PAGE 2   

  55   1        int i;
  56   1        P2 = (P2 & 0x1f) | 0x8f;
  57   1        P0 = 0xfe;
  58   1        delay();
  59   1        for(i = 0; i < 7 ; i++)
  60   1        {
  61   2          P0 = P0 << 1;
  62   2          delay();
  63   2        }
  64   1        P2 &= 0x1f;
  65   1      }
  66          void buzz()
  67          {
  68   1        P2 = (P2 & 0x1f) | 0xaf;
  69   1        P0 = 0x40;
  70   1        delay();
  71   1        delay();
  72   1        delay();
  73   1        delay();
  74   1        P0 = 0x00;
  75   1        P2 = (P2 & 0x1f) | 0x8f;
  76   1        P0 = 0xff;
  77   1        delay();
  78   1        P2 &= 0x1f;
  79   1      }
  80          void delay()
  81          {
  82   1        unsigned char i, j, k;
  83   1      
  84   1        _nop_();
  85   1        _nop_();
  86   1        i = 22;
  87   1        j = 3;
  88   1        k = 227;
  89   1        do
  90   1        {
  91   2          do
  92   2          {
  93   3            while (--k);
  94   3          } while (--j);
  95   2        } while (--i);
  96   1      }


MODULE INFORMATION:   STATIC OVERLAYABLE
   CODE SIZE        =    220    ----
   CONSTANT SIZE    =   ----    ----
   XDATA SIZE       =   ----    ----
   PDATA SIZE       =   ----    ----
   DATA SIZE        =   ----       4
   IDATA SIZE       =   ----    ----
   BIT SIZE         =   ----    ----
END OF MODULE INFORMATION.


C51 COMPILATION COMPLETE.  0 WARNING(S),  0 ERROR(S)
