C51 COMPILER V9.60.0.0   T8_2                                                              01/09/2023 14:43:42 PAGE 1   


C51 COMPILER V9.60.0.0, COMPILATION OF MODULE T8_2
OBJECT MODULE PLACED IN .\Objects\t8_2.obj
COMPILER INVOKED BY: C:\Keil_v5\C51\BIN\C51.EXE t8_2.c OPTIMIZE(8,SPEED) BROWSE DEBUG OBJECTEXTEND PRINT(.\Listings\t8_2
                    -.lst) TABS(2) OBJECT(.\Objects\t8_2.obj)

line level    source

   1          #include<stc15.h>
   2          #include<intrins.h>
   3          
   4          unsigned char r_sbuf;//接收缓冲
   5          
   6          void init_ls138(unsigned char value);//选择138输出
   7          void cls();//关闭LED等设备
   8          void UartInit();//串口初始化
   9          void service_uart();//串口中断服务函数
  10          void sendchar(unsigned char Char);//发送字符
  11          void sendstring(unsigned char *p);//发送字符串
  12          void check_r_sbuf();//检查r_sbuf
  13          
  14          //=======================================================//
  15          void main()
  16          {
  17   1        cls();
  18   1        UartInit();
  19   1        sendstring("Welcome to XiaoyunOS!");
  20   1        while(1)
  21   1        {
  22   2          if(RI == 1){check_r_sbuf();}
  23   2        }
  24   1      }
  25          //=======================================================//
  26          void init_ls138(unsigned char value)
  27          {
  28   1        switch(value)
  29   1        {
  30   2          case 4:
  31   2            P2 = P2 & 0x1f | 0x80;
  32   2          break;
  33   2          case 5:
  34   2            P2 = P2 & 0x1f | 0xa0;
  35   2          break;
  36   2          case 6:
  37   2            P2 = P2 & 0x1f | 0xc0;
  38   2          break;
  39   2          case 7:
  40   2            P2 = P2 & 0x1f | 0xe0;
  41   2          break;
  42   2        }
  43   1      }
  44          void cls()
  45          {
  46   1        init_ls138(5);
  47   1        P0 = 0x00;
  48   1        init_ls138(4);
  49   1        P0 = 0xff;
  50   1      }
  51          void UartInit(void)   //9600bps@12.000MHz
  52          {
  53   1        PCON &= 0x7F;   //波特率不倍速
  54   1        SCON = 0x50;    //8位数据,可变波特率
C51 COMPILER V9.60.0.0   T8_2                                                              01/09/2023 14:43:42 PAGE 2   

  55   1        AUXR |= 0x40;   //定时器时钟1T模式
  56   1        AUXR &= 0xFE;   //串口1选择定时器1为波特率发生器
  57   1        TMOD &= 0x0F;   //设置定时器模式
  58   1        TMOD |= 0x20;   //设置定时器模式
  59   1        TL1 = 0xDC;   //设置定时初始值
  60   1        TH1 = 0xDC;   //设置定时重载值
  61   1        ET1 = 0;    //禁止定时器%d中断
  62   1        
  63   1        ES = 1;
  64   1        EA = 1;
  65   1        
  66   1        TR1 = 1;    //定时器1开始计时
  67   1      }
  68          void service_uart() interrupt 4
  69          {
  70   1        if(RI == 1)
  71   1        {
  72   2          RI = 0;
  73   2          r_sbuf = SBUF;
  74   2        }
  75   1      }
  76          void sendchar(unsigned char Char)
  77          {
  78   1        SBUF = Char;
  79   1        while(!TI);
  80   1        TI=0;
  81   1      }
  82          void sendstring(unsigned char *p)
  83          {
  84   1        while(*p)
  85   1        {
  86   2          sendchar(*p);
  87   2          p++;
  88   2        }
  89   1      }
  90          void check_r_sbuf()
  91          {
  92   1        if((r_sbuf & 0xf0) == 0xa0){P0 = (P0 & 0xf0) | ((~r_sbuf) & 0x0f);}
  93   1        else if((r_sbuf & 0xf0) == 0xb0){P0 = (P0 & 0x0f) | (~r_sbuf << 4);}
  94   1        else if((r_sbuf & 0xf0) == 0xc0){sendstring("XiaoyunOS is running");}
  95   1      }


MODULE INFORMATION:   STATIC OVERLAYABLE
   CODE SIZE        =    223    ----
   CONSTANT SIZE    =     43    ----
   XDATA SIZE       =   ----    ----
   PDATA SIZE       =   ----    ----
   DATA SIZE        =      1    ----
   IDATA SIZE       =   ----    ----
   BIT SIZE         =   ----    ----
END OF MODULE INFORMATION.


C51 COMPILATION COMPLETE.  0 WARNING(S),  0 ERROR(S)
