C51 COMPILER V9.60.0.0   T7                                                                01/08/2023 18:06:29 PAGE 1   


C51 COMPILER V9.60.0.0, COMPILATION OF MODULE T7
OBJECT MODULE PLACED IN .\Objects\t7.obj
COMPILER INVOKED BY: C:\Keil_v5\C51\BIN\C51.EXE t7.c OPTIMIZE(8,SPEED) BROWSE DEBUG OBJECTEXTEND PRINT(.\Listings\t7.lst
                    -) TABS(2) OBJECT(.\Objects\t7.obj)

line level    source

   1          #include<stc15.h>
   2          #include<intrins.h>
   3          
   4          sbit L1 = P0^0;
   5          sbit s7 = P3^0;
   6          
   7          unsigned char cs = 0x00;
   8          unsigned char ns = 0x00;
   9          unsigned char pwm = 0;
  10          unsigned char counter_t0 = 0;
  11          
  12          void init_138(unsigned char value);
  13          void cls();
  14          void smachine();
  15          void Delay5ms();
  16          void Timer0Init();
  17          void service_t0();
  18          
  19          void main()
  20          {
  21   1        cls();
  22   1        init_138(4);
  23   1        P0 = 0xff;
  24   1        Timer0Init();
  25   1        while(1)
  26   1        {
  27   2          smachine();
  28   2        }
  29   1      }
  30          void init_138(unsigned char value)
  31          {
  32   1        switch(value)
  33   1        {
  34   2          case 4:
  35   2            P2 = P2 & 0x1f | 0x80;
  36   2          break;
  37   2          case 5:
  38   2            P2 = P2 & 0x1f | 0xa0;
  39   2          break;
  40   2          case 6:
  41   2            P2 = P2 & 0x1f | 0xc0;
  42   2          break;
  43   2          case 7:
  44   2            P2 = P2 & 0x1f | 0xe0;
  45   2          break;
  46   2        }
  47   1      }
  48          void cls()
  49          {
  50   1        init_138(4);
  51   1        P0 = 0xff;
  52   1        init_138(5);
  53   1        P0 = 0x00;
  54   1      }
C51 COMPILER V9.60.0.0   T7                                                                01/08/2023 18:06:29 PAGE 2   

  55          void smachine()
  56          {
  57   1        cs = ns;
  58   1        switch(cs)
  59   1        {
  60   2          case 0x00:
  61   2            if(s7 == 0){Delay5ms();if(s7 == 0){while(s7 == 0);Delay5ms();ns = 0x01;}}
  62   2          break;
  63   2          case 0x01:
  64   2            if(s7 == 0){Delay5ms();if(s7 == 0){while(s7 == 0);Delay5ms();ns = 0x10;}}
  65   2          break;
  66   2          case 0x10:
  67   2            if(s7 == 0){Delay5ms();if(s7 == 0){while(s7 == 0);Delay5ms();ns = 0x11;}}
  68   2          break;
  69   2          case 0x11:
  70   2            if(s7 == 0){Delay5ms();if(s7 == 0){while(s7 == 0);Delay5ms();ns = 0x00;}}
  71   2          break;
  72   2          default:
  73   2            ns = 0x00;
  74   2          break;
  75   2        }
  76   1        if(cs == 0x00){pwm = 0;}
  77   1        else if(cs == 0x01){pwm = 10;}
  78   1        else if(cs == 0x10){pwm = 50;}
  79   1        else if(cs == 0x11){pwm = 90;}
  80   1      }
  81          void Delay5ms()   //@11.0592MHz
  82          {
  83   1        unsigned char i, j;
  84   1      
  85   1        i = 54;
  86   1        j = 199;
  87   1        do
  88   1        {
  89   2          while (--j);
  90   2        } while (--i);
  91   1      }
  92          void Timer0Init()   //1毫秒@12.000MHz
  93          {
  94   1        AUXR |= 0x80;   //定时器时钟1T模式
  95   1        TMOD &= 0xF0;   //设置定时器模式
  96   1        TL0 = 0x50;   //设置定时初始值
  97   1        TH0 = 0xFB;   //设置定时初始值
  98   1        TF0 = 0;    //清除TF0标志
  99   1        TR0 = 1;    //定时器0开始计时
 100   1        ET0 = 1;
 101   1        EA = 1;
 102   1        TR0 = 1;    //定时器0开始计时
 103   1        
 104   1      }
 105          void service_t0() interrupt 1
 106          {
 107   1        counter_t0++;
 108   1        if(counter_t0 >= pwm)
 109   1        {
 110   2          L1 = 1;
 111   2        }
 112   1        else if(counter_t0 < pwm)
 113   1        {
 114   2          L1 = 0;
 115   2        }
 116   1        else if(counter_t0 < 100)
C51 COMPILER V9.60.0.0   T7                                                                01/08/2023 18:06:29 PAGE 3   

 117   1        {
 118   2          L1 = 1;
 119   2        }
 120   1        else if(counter_t0 == 100)
 121   1        {
 122   2          L1 = 0;
 123   2          counter_t0 = 0;
 124   2        }
 125   1      }


MODULE INFORMATION:   STATIC OVERLAYABLE
   CODE SIZE        =    329    ----
   CONSTANT SIZE    =   ----    ----
   XDATA SIZE       =   ----    ----
   PDATA SIZE       =   ----    ----
   DATA SIZE        =      4    ----
   IDATA SIZE       =   ----    ----
   BIT SIZE         =   ----    ----
END OF MODULE INFORMATION.


C51 COMPILATION COMPLETE.  0 WARNING(S),  0 ERROR(S)
