C51 COMPILER V9.60.0.0   LED                                                               03/28/2023 20:59:45 PAGE 1   


C51 COMPILER V9.60.0.0, COMPILATION OF MODULE LED
OBJECT MODULE PLACED IN .\Objects\led.obj
COMPILER INVOKED BY: C:\Keil_v5\C51\BIN\C51.EXE led.c OPTIMIZE(8,SPEED) BROWSE DEBUG OBJECTEXTEND PRINT(.\Listings\led.l
                    -st) TABS(2) OBJECT(.\Objects\led.obj)

line level    source

   1          #include<STC15.H>
   2          #include<led.h>
   3          
   4          void led_show(unsigned char addr,unsigned char enable)
   5          {
   6   1          static unsigned char temp = 0x00;
   7   1          static unsigned char temp_old = 0xff;
   8   1      
   9   1          if(enable) temp |= 0x01 << addr;
  10   1          else temp &= ~(0x01 << addr);
  11   1          if(temp != temp_old)
  12   1          {
  13   2              P0 = ~temp;
  14   2              P2 = P2 & 0x1f | 0x80;
  15   2              P2 &= 0x1f;
  16   2              temp_old = temp;
  17   2          }
  18   1      }


MODULE INFORMATION:   STATIC OVERLAYABLE
   CODE SIZE        =     58    ----
   CONSTANT SIZE    =   ----    ----
   XDATA SIZE       =   ----    ----
   PDATA SIZE       =   ----    ----
   DATA SIZE        =      2    ----
   IDATA SIZE       =   ----    ----
   BIT SIZE         =   ----    ----
END OF MODULE INFORMATION.


C51 COMPILATION COMPLETE.  0 WARNING(S),  0 ERROR(S)
