C51 COMPILER V9.60.0.0   BASE                                                              04/06/2023 19:18:32 PAGE 1   


C51 COMPILER V9.60.0.0, COMPILATION OF MODULE BASE
OBJECT MODULE PLACED IN .\Objects\base.obj
COMPILER INVOKED BY: C:\Keil_v5\C51\BIN\C51.EXE base.c OPTIMIZE(8,SPEED) BROWSE DEBUG OBJECTEXTEND PRINT(.\Listings\base
                    -.lst) TABS(2) OBJECT(.\Objects\base.obj)

line level    source

   1          #include<STC15.H>
   2          #include<INTRINS.H>
   3          #include<base.h>
   4          
   5          code unsigned char tab[] = {0xc0,0xf9,0xa4,0xb0,0x99,0x92,0x82,0xf8,0x80,0x90,0xff,0xc6,0xc7,0xc8,0x8c};
   6          code unsigned char tab2[] = {1,2,4,8,16,32,64,128};
   7          
   8          void init()
   9          {
  10   1          P2 = P2 & 0x1f | 0x80;
  11   1          P0 = 0xff;
  12   1          P2 &= 0x1f;
  13   1      
  14   1          P2 = P2 & 0x1f | 0xa0;
  15   1          P0 = 0x00;
  16   1          P2 &= 0x1f;
  17   1      }
  18          unsigned char key_read()
  19          {
  20   1          unsigned char temp = 0;
  21   1          AUXR &= 0xef;
  22   1      
  23   1          P44 = 0; P42 = 1; P35 = 1; P34 = 1;
  24   1          if(P33 == 0) temp = 4;
  25   1          if(P32 == 0) temp = 5;
  26   1          if(P31 == 0) temp = 6;
  27   1          if(P30 == 0) temp = 7;
  28   1      
  29   1          P44 = 1; P42 = 0; P35 = 1; P34 = 1;
  30   1        if(P33 == 0) temp = 8;
  31   1        if(P32 == 0) temp = 9;
  32   1        if(P31 == 0) temp = 10;
  33   1        if(P30 == 0) temp = 11;
  34   1        
  35   1        P44 = 1; P42 = 1; P35 = 0; P34 = 1;
  36   1        if(P33 == 0) temp = 12;
  37   1        if(P32 == 0) temp = 13;
  38   1        if(P31 == 0) temp = 14;
  39   1        if(P30 == 0) temp = 15;
  40   1        
  41   1        P44 = 1; P42 = 1; P35 = 1; P34 = 0;
  42   1        if(P33 == 0) temp = 16;
  43   1        if(P32 == 0) temp = 17;
  44   1        if(P31 == 0) temp = 18;
  45   1        if(P30 == 0) temp = 19;
  46   1      
  47   1          P3 = 0xff;
  48   1          AUXR |= 0x10;
  49   1          return temp; 
  50   1      }
  51          void smg_show(unsigned char pos,dat,point)
  52          {
  53   1          P2 = P2 & 0x1f | 0xe0;
  54   1          P0 = 0xff;
C51 COMPILER V9.60.0.0   BASE                                                              04/06/2023 19:18:32 PAGE 2   

  55   1          P2 &= 0x1f;
  56   1      
  57   1          P2 = P2 & 0x1f | 0xc0;
  58   1          P0 = tab2[pos];
  59   1          P2 &= 0x1f;
  60   1      
  61   1          P2 = P2 & 0x1f | 0xe0;
  62   1          P0 = tab[dat];
  63   1          if(point) P0 &= 0x7f;
  64   1          P2 &= 0x1f;
  65   1      }
  66          void led_show(unsigned char pos,flag)
  67          {
  68   1          static unsigned char temp = 0x00;
  69   1          static unsigned char temp_old = 0xff;
  70   1      
  71   1          if(flag) temp |= 0x01 << pos;
  72   1          else temp &= ~(0x01 << pos);
  73   1      
  74   1          if(temp != temp_old)
  75   1          {
  76   2              P2 = P2 & 0x1f | 0x80;
  77   2              P0 = ~temp;
  78   2              P2 &= 0x1f; 
  79   2              temp_old = temp;
  80   2          }
  81   1      }
  82          void uart_init()
  83          {
  84   1          SCON = 0x50;    //8位数据,可变波特率
  85   1        AUXR |= 0x01;   //串口1选择定时器2为波特率发生器
  86   1        AUXR |= 0x04;   //定时器时钟1T模式
  87   1        T2L = 0x8f;   //设置定时初始值
  88   1        T2H = 0xfd;   //设置定时初始值
  89   1        AUXR |= 0x10;   //定时器2开始计时
  90   1      
  91   1          ES = 1;
  92   1          EA = 1;
  93   1      }
  94          void uart_send_byte(unsigned char dat)
  95          {
  96   1          SBUF = dat;
  97   1          while(TI == 0);
  98   1          TI = 0;
  99   1      }
 100          void uart_send_string(unsigned char *dat)
 101          {
 102   1          while (*dat != '\0')
 103   1              uart_send_byte(*dat++);
 104   1      }


MODULE INFORMATION:   STATIC OVERLAYABLE
   CODE SIZE        =    345    ----
   CONSTANT SIZE    =     23    ----
   XDATA SIZE       =   ----    ----
   PDATA SIZE       =   ----    ----
   DATA SIZE        =      2       3
   IDATA SIZE       =   ----    ----
   BIT SIZE         =   ----    ----
END OF MODULE INFORMATION.


C51 COMPILATION COMPLETE.  0 WARNING(S),  0 ERROR(S)
