C51 COMPILER V9.60.0.0   WAVE                                                              04/06/2023 10:47:49 PAGE 1   


C51 COMPILER V9.60.0.0, COMPILATION OF MODULE WAVE
OBJECT MODULE PLACED IN .\Objects\wave.obj
COMPILER INVOKED BY: C:\Keil_v5\C51\BIN\C51.EXE wave.c OPTIMIZE(8,SPEED) BROWSE DEBUG OBJECTEXTEND PRINT(.\Listings\wave
                    -.lst) TABS(2) OBJECT(.\Objects\wave.obj)

line level    source

   1          #include<STC15.H>
   2          #include<wave.h>
   3          #include<INTRINS.H>
   4          
   5          sbit Tx = P1^0; 
   6          sbit Rx = P1^1; 
   7          
   8          void Delay12us()    //@12.000MHz
   9          {
  10   1        unsigned char i;
  11   1      
  12   1        _nop_();
  13   1        _nop_();
  14   1        i = 33;
  15   1        while (--i);
  16   1      }
  17          void wave_init()
  18          {
  19   1          unsigned char i;
  20   1          for(i = 0; i < 8; i++)
  21   1          {
  22   2              Tx = 1;
  23   2              Delay12us();
  24   2              Tx = 0;
  25   2              Delay12us();
  26   2          }
  27   1      }
  28          unsigned char wave_read()
  29          {
  30   1          unsigned int time;
  31   1          TMOD &= 0x0F;
  32   1        TH1 = TL1 = 0;
  33   1          wave_init();
  34   1          TR1 = 1;
  35   1          while((Rx == 1) && (TF1 == 0));
  36   1          TR1 = 0;
  37   1          if(TF1 == 1)
  38   1        {
  39   2          TF1 = 0;
  40   2          TH1 = 0;
  41   2          TL1 = 0;
  42   2          return 255;
  43   2        }
  44   1          else
  45   1        {
  46   2          time = TH1 << 8 | TL1;
  47   2          TH1 = 0;
  48   2          TL1 = 0;
  49   2          return (time * 0.017);
  50   2        }
  51   1      }


MODULE INFORMATION:   STATIC OVERLAYABLE
C51 COMPILER V9.60.0.0   WAVE                                                              04/06/2023 10:47:49 PAGE 2   

   CODE SIZE        =    102    ----
   CONSTANT SIZE    =   ----    ----
   XDATA SIZE       =   ----    ----
   PDATA SIZE       =   ----    ----
   DATA SIZE        =   ----    ----
   IDATA SIZE       =   ----    ----
   BIT SIZE         =   ----    ----
END OF MODULE INFORMATION.


C51 COMPILATION COMPLETE.  0 WARNING(S),  0 ERROR(S)
