C51 COMPILER V9.60.0.0   T3_2                                                              01/06/2023 14:14:02 PAGE 1   


C51 COMPILER V9.60.0.0, COMPILATION OF MODULE T3_2
OBJECT MODULE PLACED IN .\Objects\t3_2.obj
COMPILER INVOKED BY: C:\Keil_v5\C51\BIN\C51.EXE t3_2.c OPTIMIZE(8,SPEED) BROWSE DEBUG OBJECTEXTEND PRINT(.\Listings\t3_2
                    -.lst) TABS(2) OBJECT(.\Objects\t3_2.obj)

line level    source

   1          #include<stc15.h>
   2          #include<intrins.h>
   3          
   4          unsigned char month = 1;
   5          
   6          code unsigned char tab[] = {0xc0,0xf9,0xa4,0xb0,0x99,0x92,0x82,0xf8,0x80,0x90,0xff};
   7          unsigned char dspbuf[] = {10, 10, 10, 10, 10, 10, 10, 10};
   8          
   9          void init_ls138(int key);
  10          void cls();
  11          void Delay1ms();
  12          void Delay();
  13          void set_dspbuf();
  14          void show_smg();
  15          
  16          void main()
  17          {
  18   1        cls();
  19   1        while(1)
  20   1        { 
  21   2          show_smg();
  22   2        }
  23   1      }
  24          void init_ls138(int key)
  25          {
  26   1        switch(key)
  27   1        {
  28   2          case 4:
  29   2            P2 = (P2 & 0x00) | 0x80;
  30   2          break;
  31   2          case 5:
  32   2            P2 = (P2 & 0x00) | 0xa0;
  33   2          break;
  34   2          case 6:
  35   2            P2 = (P2 & 0x00) | 0xc0;
  36   2          break;
  37   2          case 7:
  38   2            P2 = (P2 & 0x00) | 0xe0;
  39   2          break;
  40   2          default:
  41   2            P2 &= 0x00; 
  42   2          break;
  43   2        }
  44   1      }
  45          void cls()
  46          {
  47   1        init_ls138(4);
  48   1        P0 = 0xff;
  49   1        init_ls138(5);
  50   1        P0 = 0x00;
  51   1      }
  52          void Delay1ms()   //@11.0592MHz
  53          {
  54   1        unsigned char i, j;
C51 COMPILER V9.60.0.0   T3_2                                                              01/06/2023 14:14:02 PAGE 2   

  55   1        _nop_();
  56   1        _nop_();
  57   1        _nop_();
  58   1        i = 11;
  59   1        j = 190;
  60   1        do
  61   1        {
  62   2          while (--j);
  63   2        } while (--i);
  64   1      }
  65          void show_smg()
  66          {
  67   1        unsigned char i;
  68   1        set_dspbuf();
  69   1        for(i = 0; i < 8; i++)
  70   1        {
  71   2          init_ls138(6);
  72   2          P0 = 0x01 << i;
  73   2          init_ls138(7);
  74   2          P0 = dspbuf[i];
  75   2          Delay1ms();
  76   2          P0 = 0x00;
  77   2        }
  78   1      }
  79          void set_dspbuf()
  80          {
  81   1        dspbuf[0] = tab[2];
  82   1        dspbuf[1] = tab[0];
  83   1        dspbuf[2] = tab[2];
  84   1        dspbuf[3] = tab[3];
  85   1        dspbuf[4] = 0xbf;
  86   1        dspbuf[5] = 0xbf;
  87   1        dspbuf[6] = tab[0];
  88   1        dspbuf[7] = tab[1];
  89   1      }
  90          
  91          
  92            


MODULE INFORMATION:   STATIC OVERLAYABLE
   CODE SIZE        =    176    ----
   CONSTANT SIZE    =     11    ----
   XDATA SIZE       =   ----    ----
   PDATA SIZE       =   ----    ----
   DATA SIZE        =      9    ----
   IDATA SIZE       =   ----    ----
   BIT SIZE         =   ----    ----
END OF MODULE INFORMATION.


C51 COMPILATION COMPLETE.  0 WARNING(S),  0 ERROR(S)
