C51 COMPILER V9.60.0.0   T6_1                                                              01/08/2023 14:10:59 PAGE 1   


C51 COMPILER V9.60.0.0, COMPILATION OF MODULE T6_1
OBJECT MODULE PLACED IN .\Objects\t6_1.obj
COMPILER INVOKED BY: C:\Keil_v5\C51\BIN\C51.EXE t6_1.c OPTIMIZE(8,SPEED) BROWSE DEBUG OBJECTEXTEND PRINT(.\Listings\t6_1
                    -.lst) TABS(2) OBJECT(.\Objects\t6_1.obj)

line level    source

   1          #include<stc15.h>
   2          #include<intrins.h>
   3          
   4          sbit L1 = P0^0;
   5          sbit L8 = P0^7;
   6          
   7          unsigned char count_1 = 0;
   8          unsigned char count_2 = 0;
   9          
  10          void init_138(unsigned char value);
  11          void cls();
  12          void init_timer0();
  13          void service_timer0();
  14          
  15          
  16          void main()
  17          {
  18   1        cls();
  19   1        init_timer0();
  20   1        while(1)
  21   1        {
  22   2          
  23   2        }
  24   1      }
  25          
  26          void init_138(unsigned char value)
  27          {
  28   1        switch(value)
  29   1        {
  30   2          case 4:
  31   2            P2 = (P2 & 0x00) | 0x80;
  32   2          break;
  33   2          case 5:
  34   2            P2 = (P2 & 0x00) | 0xa0;
  35   2          break;
  36   2          case 6:
  37   2            P2 = (P2 & 0x00) | 0xc0;
  38   2          break;
  39   2          case 7:
  40   2            P2 = (P2 & 0x00) | 0xe0;
  41   2          break;
  42   2        }
  43   1      }
  44          void cls()
  45          {
  46   1        init_138(5);
  47   1        P0 = 0x00;
  48   1        init_138(4);
  49   1        P0 = 0xff;
  50   1        
  51   1      }
  52          void init_timer0()
  53          {
  54   1        AUXR &= 0x7F;   //定时器时钟12T模式
C51 COMPILER V9.60.0.0   T6_1                                                              01/08/2023 14:10:59 PAGE 2   

  55   1        TMOD = 0x01;    //设置定时器模式
  56   1        TL0 = 0xB0;   //设置定时初始值
  57   1        TH0 = 0x3C;   //设置定时初始值
  58   1        ET0 = 1;
  59   1        EA = 1;
  60   1        TF0 = 0;    //清除TF0标志
  61   1        TR0 = 1;    //定时器0开始计时
  62   1      }
  63          void service_timer0() interrupt 1
  64          {
  65   1        TL0 = 0xB0;   //设置定时初始值
  66   1        TH0 = 0x3C;   //设置定时初始值
  67   1        count_1++;
  68   1        if(count_1 == 10){L1 = ~L1;count_1 = 0;count_2++;}
  69   1        if(count_2 == 10){L8 = ~L8;count_2 = 0;}
  70   1      }
  71          


MODULE INFORMATION:   STATIC OVERLAYABLE
   CODE SIZE        =    111    ----
   CONSTANT SIZE    =   ----    ----
   XDATA SIZE       =   ----    ----
   PDATA SIZE       =   ----    ----
   DATA SIZE        =      2    ----
   IDATA SIZE       =   ----    ----
   BIT SIZE         =   ----    ----
END OF MODULE INFORMATION.


C51 COMPILATION COMPLETE.  0 WARNING(S),  0 ERROR(S)
