C51 COMPILER V9.60.0.0   BASE                                                              04/04/2023 17:37:00 PAGE 1   


C51 COMPILER V9.60.0.0, COMPILATION OF MODULE BASE
OBJECT MODULE PLACED IN .\Objects\base.obj
COMPILER INVOKED BY: C:\Keil_v5\C51\BIN\C51.EXE base.c OPTIMIZE(8,SPEED) BROWSE DEBUG OBJECTEXTEND PRINT(.\Listings\base
                    -.lst) TABS(2) OBJECT(.\Objects\base.obj)

line level    source

   1          #include<base.h>
   2          #include<STC15.H>
   3          #include<INTRINS.H>
   4          
   5          unsigned char tab[] = {0xc0,0xf9,0xa4,0xb0,0x99,0x92,0x82,0xf8,0x80,0x90,0xff,0xc1};
   6          unsigned char tab2[] = {0x01,0x02,0x04,0x08,0x10,0x20,0x40,0x80};
   7          
   8          sbit Tx = P1^0;
   9          sbit Rx = P1^1;
  10          
  11          void init()
  12          {
  13   1          P2 = P2 & 0x1f | 0x80;
  14   1          P0 = 0xff;
  15   1          P2 &= 0x1f;
  16   1      
  17   1          P2 = P2 & 0x1f | 0xa0;
  18   1          P0 = 0x00;
  19   1          P2 &= 0x1f;
  20   1      }
  21          unsigned char key_read()
  22          {
  23   1          unsigned char temp = 0;
  24   1        AUXR &= 0xEF;
  25   1        P44 = 0;P42 = 1;P35 = 1;P34 = 1;
  26   1        if(P33 == 0) temp = 4;
  27   1        if(P32 == 0) temp = 5;
  28   1        if(P31 == 0) temp = 6;
  29   1        if(P30 == 0) temp = 7;
  30   1      
  31   1        P44 = 1;P42 = 0;P35 = 1;P34 = 1;
  32   1        if(P33 == 0) temp = 8;
  33   1        if(P32 == 0) temp = 9;
  34   1        if(P31 == 0) temp = 10;
  35   1        if(P30 == 0) temp = 11;
  36   1        
  37   1        P44 = 1;P42 = 1;P35 = 0;P34 = 1;
  38   1        if(P33 == 0) temp = 12;
  39   1        if(P32 == 0) temp = 13;
  40   1        if(P31 == 0) temp = 14;
  41   1        if(P30 == 0) temp = 15;
  42   1        
  43   1        P44 = 1;P42 = 1;P35 = 1;P34 = 0;
  44   1        if(P33 == 0) temp = 16;
  45   1        if(P32 == 0) temp = 17;
  46   1        if(P31 == 0) temp = 18;
  47   1        if(P30 == 0) temp = 19;
  48   1        
  49   1        P3 = 0xff;
  50   1        AUXR |= 0x10; 
  51   1      
  52   1        return temp;
  53   1      }
  54          void led_show(unsigned char pos,flag)
C51 COMPILER V9.60.0.0   BASE                                                              04/04/2023 17:37:00 PAGE 2   

  55          {
  56   1          static unsigned char temp = 0x00;
  57   1          static unsigned char temp_old = 0xff;
  58   1      
  59   1          if(flag) temp |= 0x01 << pos;
  60   1          else temp &= ~(0x01 << pos);
  61   1      
  62   1          if(temp != temp_old)
  63   1          {
  64   2              P0 = ~temp;
  65   2          P2 = P2 & 0x1f | 0x80;
  66   2          P2 &= 0x1f;
  67   2          temp_old = temp;
  68   2          }
  69   1      }
  70          void smg_show(unsigned char pos,dat,point)
  71          {
  72   1        P2 = P2 & 0x1f | 0xe0;
  73   1        P0 = 0xff;
  74   1        P2 &= 0x1f;
  75   1      
  76   1        P2 = P2 & 0x1f | 0xc0;
  77   1        P0 = tab2[pos];
  78   1        P2 &= 0x1f;
  79   1      
  80   1        P2 = P2 & 0x1f | 0xe0;
  81   1        P0 = tab[dat];
  82   1        if(point) P0 &= 0x7f;
  83   1        P2 &= 0x1f;
  84   1      }
  85          void uart_send_byte(unsigned char dat)
  86          {
  87   1        SBUF = dat;
  88   1        while(TI == 0);
  89   1        TI = 0;
  90   1      }
  91          void uart_send_string(unsigned char *dat)
  92          {
  93   1        while(*dat != '\0')
  94   1          uart_send_byte(*dat++);
  95   1      }
  96          void wave_init()
  97          {
  98   1        unsigned char i;
  99   1        for(i = 0; i < 8; i++)
 100   1        {
 101   2          Tx = 1;
 102   2          Delay12us();
 103   2          Tx = 0;
 104   2          Delay12us();
 105   2        }
 106   1      }
 107          unsigned char wave_data()
 108          {
 109   1        unsigned int time;    
 110   1        TMOD &= 0x0f;
 111   1        TH1 = TL1 = 0;
 112   1        wave_init();
 113   1        TR1 = 1;
 114   1        while((Rx == 1) && (TF1 == 0));
 115   1        TR1 = 0;
 116   1        if(TF1 == 1)
C51 COMPILER V9.60.0.0   BASE                                                              04/04/2023 17:37:00 PAGE 3   

 117   1        {
 118   2          TF1 = 0;
 119   2          TH1 = 0;
 120   2          TL1 = 0;
 121   2          return 255;
 122   2        }
 123   1        else
 124   1        {
 125   2          time = TH1 << 8 | TL1;
 126   2          TH1 = 0;
 127   2          TL1 = 0;
 128   2          return (time * 0.017);
 129   2        }
 130   1      }
 131          void Delay12us()    //@12.000MHz
 132          {
 133   1        unsigned char i;
 134   1      
 135   1        _nop_();
 136   1        _nop_();
 137   1        i = 33;
 138   1        while (--i);
 139   1      }


MODULE INFORMATION:   STATIC OVERLAYABLE
   CODE SIZE        =    420    ----
   CONSTANT SIZE    =   ----    ----
   XDATA SIZE       =   ----    ----
   PDATA SIZE       =   ----    ----
   DATA SIZE        =     22       4
   IDATA SIZE       =   ----    ----
   BIT SIZE         =   ----    ----
END OF MODULE INFORMATION.


C51 COMPILATION COMPLETE.  0 WARNING(S),  0 ERROR(S)
