C51 COMPILER V9.60.0.0   ONEWIRE                                                           04/05/2023 09:40:17 PAGE 1   


C51 COMPILER V9.60.0.0, COMPILATION OF MODULE ONEWIRE
OBJECT MODULE PLACED IN .\Objects\onewire.obj
COMPILER INVOKED BY: C:\Keil_v5\C51\BIN\C51.EXE onewire.c OPTIMIZE(8,SPEED) BROWSE DEBUG OBJECTEXTEND PRINT(.\Listings\o
                    -newire.lst) TABS(2) OBJECT(.\Objects\onewire.obj)

line level    source

   1          /*  #   å•æ€»çº¿ä»£ç ç‰‡æ®µè¯´æ˜
   2            1.  æœ¬æ–‡ä»¶å¤¹ä¸­æä¾›çš„é©±åŠ¨ä»£ç ä¾›å‚èµ›é€‰æ‰‹å®Œæˆç¨‹åºè®¾è®¡å‚è€ƒã€‚
   3            2.  å‚èµ›é€‰æ‰‹å¯ä»¥è‡ªè¡Œç¼–å†™ç›¸å…³ä»£ç æˆ–ä»¥è¯¥ä»£ç ä¸ºåŸºç¡€ï¼Œæ ¹æ®æ‰€é€‰å•ç‰‡æœºç±»å‹ã€è¿
             -è¡Œé€Ÿåº¦å’Œè¯•é¢˜
   4              ä¸­å¯¹å•ç‰‡æœºæ—¶é’Ÿé¢‘ç‡çš„è¦æ±‚ï¼Œè¿›è¡Œä»£ç è°ƒè¯•å’Œä¿®æ”¹ã€‚
   5          */
   6          
   7          //
   8          #include<onewire.h>
   9          #include<INTRINS.H>
  10          #include<STC15.H>
  11          
  12          sbit DQ = P1^4;
  13          
  14          void Delay_OneWire(unsigned int t)  
  15          {
  16   1        unsigned char i;
  17   1        while(t--){
  18   2          for(i=0;i<12;i++);
  19   2        }
  20   1      }
  21          
  22          //
  23          void Write_DS18B20(unsigned char dat)
  24          {
  25   1        unsigned char i;
  26   1        for(i=0;i<8;i++)
  27   1        {
  28   2          DQ = 0;
  29   2          DQ = dat&0x01;
  30   2          Delay_OneWire(5);
  31   2          DQ = 1;
  32   2          dat >>= 1;
  33   2        }
  34   1        Delay_OneWire(5);
  35   1      }
  36          
  37          //
  38          unsigned char Read_DS18B20(void)
  39          {
  40   1        unsigned char i;
  41   1        unsigned char dat;
  42   1        
  43   1        for(i=0;i<8;i++)
  44   1        {
  45   2          DQ = 0;
  46   2          dat >>= 1;
  47   2          DQ = 1;
  48   2          if(DQ)
  49   2          {
  50   3            dat |= 0x80;
  51   3          }     
  52   2          Delay_OneWire(5);
  53   2        }
C51 COMPILER V9.60.0.0   ONEWIRE                                                           04/05/2023 09:40:17 PAGE 2   

  54   1        return dat;
  55   1      }
  56          
  57          //
  58          bit init_ds18b20(void)
  59          {
  60   1          bit initflag = 0;
  61   1          
  62   1          DQ = 1;
  63   1          Delay_OneWire(12);
  64   1          DQ = 0;
  65   1          Delay_OneWire(80);
  66   1          DQ = 1;
  67   1          Delay_OneWire(10); 
  68   1          initflag = DQ;     
  69   1          Delay_OneWire(5);
  70   1        
  71   1          return initflag;
  72   1      }
  73          
  74          float read_temper()
  75          {
  76   1          unsigned char low,high;
  77   1          init_ds18b20();
  78   1          Write_DS18B20(0xcc);
  79   1          Write_DS18B20(0x44);
  80   1      
  81   1          init_ds18b20();
  82   1          Write_DS18B20(0xcc);
  83   1          Write_DS18B20(0xbe);
  84   1      
  85   1          low = Read_DS18B20();
  86   1          high = Read_DS18B20();
  87   1      
  88   1          return ((high << 8) | low) / 16.0;
  89   1      }


MODULE INFORMATION:   STATIC OVERLAYABLE
   CODE SIZE        =    195    ----
   CONSTANT SIZE    =   ----    ----
   XDATA SIZE       =   ----    ----
   PDATA SIZE       =   ----    ----
   DATA SIZE        =   ----    ----
   IDATA SIZE       =   ----    ----
   BIT SIZE         =   ----       1
END OF MODULE INFORMATION.


C51 COMPILATION COMPLETE.  0 WARNING(S),  0 ERROR(S)
