C51 COMPILER V9.60.0.0   SMG                                                               01/18/2023 22:23:27 PAGE 1   


C51 COMPILER V9.60.0.0, COMPILATION OF MODULE SMG
OBJECT MODULE PLACED IN .\Objects\smg.obj
COMPILER INVOKED BY: C:\Keil_v5\C51\BIN\C51.EXE smg.c OPTIMIZE(8,SPEED) BROWSE DEBUG OBJECTEXTEND PRINT(.\Listings\smg.l
                    -st) TABS(2) OBJECT(.\Objects\smg.obj)

line level    source

   1          #include<stc15.h>
   2          #include<absacc.h>
   3          #include<intrins.h>
   4          #include<smg.h>
   5          
   6          void Delay1ms()//@11.0592MHz,数码管动态扫描延时
   7          {
   8   1        unsigned char i, j;
   9   1      
  10   1        _nop_();
  11   1        _nop_();
  12   1        _nop_();
  13   1        i = 11;
  14   1        j = 190;
  15   1        do
  16   1        {
  17   2          while (--j);
  18   2        } while (--i);
  19   1      }
  20          void smg_show_bit(unsigned pos, unsigned char dat)//数码管显示一位
  21          {
  22   1        XBYTE[0xe000] = 0xff;
  23   1        XBYTE[0xa000] = 0x01 << pos;
  24   1        XBYTE[0xe000] = dat;
  25   1        Delay1ms();
  26   1      }
  27          void smg_show_all(unsigned char dat)//数码管全显示
  28          {
  29   1        XBYTE[0xe000] = 0xff;
  30   1        XBYTE[0xa000] = 0xff;
  31   1        XBYTE[0xe000] = dat;
  32   1      }
  33          void smg_show()//数码管动态显示
  34          {
  35   1        unsigned char i;
  36   1        for(i = 0; i < 8; i++)
  37   1        {
  38   2          smg_show_bit(i, dspbuf[i]);
  39   2        }
  40   1        smg_show_all(0xff);
  41   1      }


MODULE INFORMATION:   STATIC OVERLAYABLE
   CODE SIZE        =     89    ----
   CONSTANT SIZE    =   ----    ----
   XDATA SIZE       =   ----    ----
   PDATA SIZE       =   ----    ----
   DATA SIZE        =      8    ----
   IDATA SIZE       =   ----    ----
   BIT SIZE         =   ----    ----
END OF MODULE INFORMATION.


C51 COMPILATION COMPLETE.  0 WARNING(S),  0 ERROR(S)
