C51 COMPILER V9.60.0.0   T3_1                                                              01/05/2023 19:21:41 PAGE 1   


C51 COMPILER V9.60.0.0, COMPILATION OF MODULE T3_1
OBJECT MODULE PLACED IN .\Objects\t3_1.obj
COMPILER INVOKED BY: C:\Keil_v5\C51\BIN\C51.EXE t3_1.c OPTIMIZE(8,SPEED) BROWSE DEBUG OBJECTEXTEND PRINT(.\Listings\t3_1
                    -.lst) TABS(2) OBJECT(.\Objects\t3_1.obj)

line level    source

   1          #include<stc15.h>
   2          #include<intrins.h>
   3          
   4          code unsigned char tab[] = {0xc0,0xf9,0xa4,0xb0,0x99,0x92,0x82,0xf8,0x80,0x90,
   5          0x88,0x83,0xc6,0xa1,0x86,0x8e};
   6          
   7          void init_ls138(int key);
   8          void cls();
   9          void show_smg();
  10          void delay();
  11          
  12          void main()
  13          {
  14   1        cls();
  15   1        while(1)
  16   1        {
  17   2          show_smg();
  18   2        }
  19   1      }
  20          void init_ls138(int key)
  21          {
  22   1        switch(key)
  23   1        {
  24   2          case 4:
  25   2            P2 = (P2 & 0x00) | 0x80;
  26   2          break;
  27   2          case 5:
  28   2            P2 = (P2 & 0x00) | 0xa0;
  29   2          break;
  30   2          case 6:
  31   2            P2 = (P2 & 0x00) | 0xc0;
  32   2          break;
  33   2          case 7:
  34   2            P2 = (P2 & 0x00) | 0xe0;
  35   2          break;
  36   2          default:
  37   2            P2 &= 0x00; 
  38   2          break;
  39   2        }
  40   1      }
  41          void cls()
  42          {
  43   1        init_ls138(5);
  44   1        P0 = 0x00;
  45   1        init_ls138(4);
  46   1        P0 = 0xff;
  47   1      }
  48          void show_smg()
  49          {
  50   1        unsigned char i,j;
  51   1        unsigned char temp1; 
  52   1        unsigned char temp2; 
  53   1        for(i = 0; i < 8; i++)
  54   1        {
C51 COMPILER V9.60.0.0   T3_1                                                              01/05/2023 19:21:41 PAGE 2   

  55   2          init_ls138(6);
  56   2          if(i == 0)
  57   2          {
  58   3            temp1 = 0x01;
  59   3            P0 = temp1;
  60   3          }
  61   2          else
  62   2          {
  63   3            temp1 = temp1 << 1;
  64   3            P0 = temp1;
  65   3          }
  66   2          init_ls138(7);
  67   2          for(j = 0; j < 10; j++)
  68   2          {
  69   3            temp2 = j;
  70   3            P0 = tab[temp2];
  71   3            delay();
  72   3          }
  73   2        }
  74   1        init_ls138(6);
  75   1        P0 = 0xff;
  76   1        init_ls138(7);
  77   1        for(i = 0; i < 16; i++)
  78   1        {
  79   2          P0 = tab[i];
  80   2          delay();
  81   2        }
  82   1      }
  83          void delay()
  84          {
  85   1        unsigned char i, j, k;
  86   1        _nop_();
  87   1        _nop_();
  88   1        i = 9;
  89   1        j = 104;
  90   1        k = 139;
  91   1        do
  92   1        {
  93   2          do
  94   2          {
  95   3            while (--k);
  96   3          } while (--j);
  97   2        } while (--i);
  98   1      }


MODULE INFORMATION:   STATIC OVERLAYABLE
   CODE SIZE        =    201    ----
   CONSTANT SIZE    =     16    ----
   XDATA SIZE       =   ----    ----
   PDATA SIZE       =   ----    ----
   DATA SIZE        =   ----       4
   IDATA SIZE       =   ----    ----
   BIT SIZE         =   ----    ----
END OF MODULE INFORMATION.


C51 COMPILATION COMPLETE.  0 WARNING(S),  0 ERROR(S)
