C51 COMPILER V9.60.0.0   UART                                                              04/07/2023 20:09:47 PAGE 1   


C51 COMPILER V9.60.0.0, COMPILATION OF MODULE UART
OBJECT MODULE PLACED IN .\Objects\uart.obj
COMPILER INVOKED BY: C:\Keil_v5\C51\BIN\C51.EXE uart.c OPTIMIZE(8,SPEED) BROWSE DEBUG OBJECTEXTEND PRINT(.\Listings\uart
                    -.lst) TABS(2) OBJECT(.\Objects\uart.obj)

line level    source

   1          #include<STC15.H>
   2          #include<INTRINS.H>
   3          #include<uart.h>
   4          
   5          void uart_init()
   6          {
   7   1          SCON = 0x50;    //8位数据,可变波特率
   8   1        AUXR |= 0x01;   //串口1选择定时器2为波特率发生器
   9   1        AUXR |= 0x04;   //定时器时钟1T模式
  10   1        T2L = 0xC7;     //设置定时初始值
  11   1        T2H = 0xFE;     //设置定时初始值
  12   1        AUXR |= 0x10;   //定时器2开始计时
  13   1      
  14   1          ES = 1;
  15   1          EA = 1;
  16   1      }
  17          void uart_send_byte(unsigned char dat)
  18          {
  19   1          SBUF = dat;
  20   1          while(TI == 0);
  21   1          TI = 0;
  22   1      }
  23          void uart_send_string(unsigned char *dat)
  24          {
  25   1          while(*dat != '\0')
  26   1              uart_send_byte(*dat++);
  27   1      }


MODULE INFORMATION:   STATIC OVERLAYABLE
   CODE SIZE        =     68    ----
   CONSTANT SIZE    =   ----    ----
   XDATA SIZE       =   ----    ----
   PDATA SIZE       =   ----    ----
   DATA SIZE        =   ----       3
   IDATA SIZE       =   ----    ----
   BIT SIZE         =   ----    ----
END OF MODULE INFORMATION.


C51 COMPILATION COMPLETE.  0 WARNING(S),  0 ERROR(S)
