C51 COMPILER V9.60.0.0   T5                                                                01/07/2023 22:17:26 PAGE 1   


C51 COMPILER V9.60.0.0, COMPILATION OF MODULE T5
OBJECT MODULE PLACED IN .\Objects\t5.obj
COMPILER INVOKED BY: C:\Keil_v5\C51\BIN\C51.EXE t5.c OPTIMIZE(8,SPEED) BROWSE DEBUG OBJECTEXTEND PRINT(.\Listings\t5.lst
                    -) TABS(2) OBJECT(.\Objects\t5.obj)

line level    source

   1          #include<stc15.h>
   2          #include<intrins.h>
   3          
   4          sbit L1 = P0^0;
   5          sbit L8 = P0^7;
   6          
   7          void init_138(unsigned char value);
   8          void cls();
   9          void working();
  10          void Delay100ms();
  11          void init_it0();
  12          void service_it0();
  13          
  14          void main()
  15          {
  16   1        init_it0();
  17   1        cls();
  18   1        while(1)
  19   1        {
  20   2          working();
  21   2        }
  22   1      }
  23          
  24          void init_138(unsigned char value)
  25          {
  26   1        switch(value)
  27   1        {
  28   2          case 4:
  29   2            P2 = (P2 & 0x00) | 0x80;
  30   2          break;
  31   2          case 5:
  32   2            P2 = (P2 & 0x00) | 0xa0;
  33   2          break;
  34   2          case 6:
  35   2            P2 = (P2 & 0x00) | 0xc0;
  36   2          break;
  37   2          case 7:
  38   2            P2 = (P2 & 0x00) | 0xe0;
  39   2          break;
  40   2        }
  41   1      }
  42          void cls()
  43          {
  44   1        init_138(5);
  45   1        P0 = 0x00;
  46   1        init_138(4);
  47   1        P0 = 0xff;
  48   1        
  49   1      }
  50          void Delay100ms()   //@11.0592MHz
  51          {
  52   1        unsigned char i, j, k;
  53   1      
  54   1        _nop_();
C51 COMPILER V9.60.0.0   T5                                                                01/07/2023 22:17:26 PAGE 2   

  55   1        _nop_();
  56   1        i = 5;
  57   1        j = 52;
  58   1        k = 195;
  59   1        do
  60   1        {
  61   2          do
  62   2          {
  63   3            while (--k);
  64   3          } while (--j);
  65   2        } while (--i);
  66   1      }
  67          void working()
  68          {
  69   1        init_138(4);
  70   1        L1 = 0;
  71   1        Delay100ms();
  72   1        L1 = 1;
  73   1        Delay100ms();
  74   1      }
  75          void init_it0()
  76          {
  77   1        EA = 1;
  78   1        IT0 = 1;
  79   1        EX0 = 1;
  80   1      }
  81          void service_it0() interrupt 0
  82          {
  83   1        unsigned char i;
  84   1        init_138(4);
  85   1        L1 = 1;
  86   1        L8 = 0;
  87   1        for(i = 0; i < 10; i++)
  88   1        {
  89   2          Delay100ms();
  90   2        }
  91   1        L8 = 1;
  92   1      }


MODULE INFORMATION:   STATIC OVERLAYABLE
   CODE SIZE        =    152    ----
   CONSTANT SIZE    =   ----    ----
   XDATA SIZE       =   ----    ----
   PDATA SIZE       =   ----    ----
   DATA SIZE        =   ----    ----
   IDATA SIZE       =   ----    ----
   BIT SIZE         =   ----    ----
END OF MODULE INFORMATION.


C51 COMPILATION COMPLETE.  0 WARNING(S),  0 ERROR(S)
